<?xml version="1.0" encoding="UTF-8"?>
<testsuite xmlns:xsi="http://www.w3.org/2001/XMLSchema-instance" xsi:noNamespaceSchemaLocation="https://maven.apache.org/surefire/maven-surefire-plugin/xsd/surefire-test-report-3.0.xsd" version="3.0" name="celulares.cordobacelulares.services.implement.TiendaPorteClientDiagnosticsTest" time="0.127" tests="14" errors="0" skipped="0" failures="0">
  <properties>
[...]
</properties>
  <testcase name="treatsEmptyDataWithZeroTotalPagesAsValidEmptyCatalog" classname="celulares.cordobacelulares.services.implement.TiendaPorteClientDiagnosticsTest" time="0.017">
    <system-out><![CDATA[2026-08-06T15:34:05.468-03:00  INFO 18868 --- [cordobacelulares] [           main] c.c.s.implement.TiendaPorteClient        : Tienda Porte request. cid=- operation=products category=REALME page=1 limit=50 externalTarget=https://api.example.test/user/products timeoutSeconds=1
2026-08-06T15:34:05.474-03:00  INFO 18868 --- [cordobacelulares] [           main] c.c.s.implement.TiendaPorteClient        : Tienda Porte response. cid=- category=REALME page=1 status=200 contentType=application/json durationMs=0 bodySize=60
2026-08-06T15:34:05.485-03:00  INFO 18868 --- [cordobacelulares] [           main] c.c.s.implement.TiendaPorteClient        : Tienda Porte products parsed. cid=- category=REALME page=1 products=0
]]></system-out>
  </testcase>
  <testcase name="mapsHttpTimeoutToGatewayTimeoutException" classname="celulares.cordobacelulares.services.implement.TiendaPorteClientDiagnosticsTest" time="0.006">
    <system-out><![CDATA[2026-08-06T15:34:05.491-03:00  INFO 18868 --- [cordobacelulares] [           main] c.c.s.implement.TiendaPorteClient        : Tienda Porte request. cid=- operation=products category=REALME page=1 limit=50 externalTarget=https://api.example.test/user/products timeoutSeconds=1
]]></system-out>
  </testcase>
  <testcase name="parsesRetryAfterHttpDateWhenProviderRespondsRateLimited" classname="celulares.cordobacelulares.services.implement.TiendaPorteClientDiagnosticsTest" time="0.004">
    <system-out><![CDATA[2026-08-06T15:34:05.495-03:00  INFO 18868 --- [cordobacelulares] [           main] c.c.s.implement.TiendaPorteClient        : Tienda Porte request. cid=- operation=products category=REALME page=1 limit=50 externalTarget=https://api.example.test/user/products timeoutSeconds=1
2026-08-06T15:34:05.495-03:00  INFO 18868 --- [cordobacelulares] [           main] c.c.s.implement.TiendaPorteClient        : Tienda Porte response. cid=- category=REALME page=1 status=429 contentType=application/json durationMs=0 bodySize=31
2026-08-06T15:34:05.497-03:00  WARN 18868 --- [cordobacelulares] [           main] c.c.s.implement.TiendaPorteClient        : Tienda Porte limito la consulta de productos. cid=- category=REALME page=1 limit=50 status=429 retryAfter=2026-07-11T14:10:00Z nextAllowedRefreshAt=2026-07-11T14:10:00Z bodyPreview={"message":"too many requests"}
]]></system-out>
  </testcase>
  <testcase name="returnsProductsWhenProviderRespondsWithValidCatalog" classname="celulares.cordobacelulares.services.implement.TiendaPorteClientDiagnosticsTest" time="0.006">
    <system-out><![CDATA[2026-08-06T15:34:05.500-03:00  INFO 18868 --- [cordobacelulares] [           main] c.c.s.implement.TiendaPorteClient        : Tienda Porte request. cid=- operation=products category=REALME page=1 limit=50 externalTarget=https://api.example.test/user/products timeoutSeconds=1
2026-08-06T15:34:05.500-03:00  INFO 18868 --- [cordobacelulares] [           main] c.c.s.implement.TiendaPorteClient        : Tienda Porte response. cid=- category=REALME page=1 status=200 contentType=application/json durationMs=0 bodySize=332
2026-08-06T15:34:05.505-03:00  INFO 18868 --- [cordobacelulares] [           main] c.c.s.implement.TiendaPorteClient        : Tienda Porte products parsed. cid=- category=REALME page=1 products=1
]]></system-out>
  </testcase>
  <testcase name="failsWhenProviderReturnsHtmlInsteadOfJson" classname="celulares.cordobacelulares.services.implement.TiendaPorteClientDiagnosticsTest" time="0.005">
    <system-out><![CDATA[2026-08-06T15:34:05.509-03:00  INFO 18868 --- [cordobacelulares] [           main] c.c.s.implement.TiendaPorteClient        : Tienda Porte request. cid=- operation=products category=REALME page=1 limit=50 externalTarget=https://api.example.test/user/products timeoutSeconds=1
2026-08-06T15:34:05.509-03:00  INFO 18868 --- [cordobacelulares] [           main] c.c.s.implement.TiendaPorteClient        : Tienda Porte response. cid=- category=REALME page=1 status=200 contentType=text/html durationMs=0 bodySize=37
2026-08-06T15:34:05.510-03:00 ERROR 18868 --- [cordobacelulares] [           main] c.c.s.implement.TiendaPorteClient        : No se pudo parsear respuesta de productos de Tienda Porte. cid=- contentType=text/html bodyPreview=<html><body>Bad Gateway</body></html>

com.fasterxml.jackson.core.JsonParseException: Unexpected character ('<' (code 60)): expected a valid value (JSON String, Number, Array, Object or token 'null', 'true' or 'false')
 at [Source: REDACTED (`StreamReadFeature.INCLUDE_SOURCE_IN_LOCATION` disabled); line: 1, column: 1]
	at com.fasterxml.jackson.core.JsonParser._constructReadException(JsonParser.java:2643) ~[jackson-core-2.17.1.jar:2.17.1]
	at com.fasterxml.jackson.core.base.ParserMinimalBase._reportUnexpectedChar(ParserMinimalBase.java:685) ~[jackson-core-2.17.1.jar:2.17.1]
	at com.fasterxml.jackson.core.json.ReaderBasedJsonParser._handleOddValue(ReaderBasedJsonParser.java:2055) ~[jackson-core-2.17.1.jar:2.17.1]
	at com.fasterxml.jackson.core.json.ReaderBasedJsonParser.nextToken(ReaderBasedJsonParser.java:780) ~[jackson-core-2.17.1.jar:2.17.1]
	at com.fasterxml.jackson.databind.ObjectMapper._initForReading(ObjectMapper.java:4992) ~[jackson-databind-2.17.1.jar:2.17.1]
	at com.fasterxml.jackson.databind.ObjectMapper._readMapAndClose(ObjectMapper.java:4898) ~[jackson-databind-2.17.1.jar:2.17.1]
	at com.fasterxml.jackson.databind.ObjectMapper.readValue(ObjectMapper.java:3848) ~[jackson-databind-2.17.1.jar:2.17.1]
	at com.fasterxml.jackson.databind.ObjectMapper.readValue(ObjectMapper.java:3816) ~[jackson-databind-2.17.1.jar:2.17.1]
	at celulares.cordobacelulares.services.implement.TiendaPorteClient.parseProductsResponse(TiendaPorteClient.java:216) ~[classes/:na]
	at celulares.cordobacelulares.services.implement.TiendaPorteClient.fetchPage(TiendaPorteClient.java:166) ~[classes/:na]
	at celulares.cordobacelulares.services.implement.TiendaPorteClient.lambda$getProductsByCategoryPage$0(TiendaPorteClient.java:63) ~[classes/:na]
	at celulares.cordobacelulares.services.implement.TiendaPorteClient.executeWithSingleRetry(TiendaPorteClient.java:246) ~[classes/:na]
	at celulares.cordobacelulares.services.implement.TiendaPorteClient.getProductsByCategoryPage(TiendaPorteClient.java:63) ~[classes/:na]
	at celulares.cordobacelulares.services.implement.TiendaPorteClientDiagnosticsTest.lambda$failsWhenProviderReturnsHtmlInsteadOfJson$10(TiendaPorteClientDiagnosticsTest.java:175) ~[test-classes/:na]
	at org.assertj.core.api.ThrowableAssert.catchThrowable(ThrowableAssert.java:63) ~[assertj-core-3.25.3.jar:na]
	at org.assertj.core.api.AssertionsForClassTypes.catchThrowable(AssertionsForClassTypes.java:892) ~[assertj-core-3.25.3.jar:na]
	at org.assertj.core.api.Assertions.catchThrowable(Assertions.java:1365) ~[assertj-core-3.25.3.jar:na]
	at org.assertj.core.api.Assertions.assertThatThrownBy(Assertions.java:1209) ~[assertj-core-3.25.3.jar:na]
	at celulares.cordobacelulares.services.implement.TiendaPorteClientDiagnosticsTest.failsWhenProviderReturnsHtmlInsteadOfJson(TiendaPorteClientDiagnosticsTest.java:175) ~[test-classes/:na]
	at java.base/jdk.internal.reflect.NativeMethodAccessorImpl.invoke0(Native Method) ~[na:na]
	at java.base/jdk.internal.reflect.NativeMethodAccessorImpl.invoke(NativeMethodAccessorImpl.java:77) ~[na:na]
	at java.base/jdk.internal.reflect.DelegatingMethodAccessorImpl.invoke(DelegatingMethodAccessorImpl.java:43) ~[na:na]
	at java.base/java.lang.reflect.Method.invoke(Method.java:569) ~[na:na]
	at org.junit.platform.commons.util.ReflectionUtils.invokeMethod(ReflectionUtils.java:728) ~[junit-platform-commons-1.10.2.jar:1.10.2]
	at org.junit.jupiter.engine.execution.MethodInvocation.proceed(MethodInvocation.java:60) ~[junit-jupiter-engine-5.10.2.jar:5.10.2]
	at org.junit.jupiter.engine.execution.InvocationInterceptorChain$ValidatingInvocation.proceed(InvocationInterceptorChain.java:131) ~[junit-jupiter-engine-5.10.2.jar:5.10.2]
	at org.junit.jupiter.engine.extension.TimeoutExtension.intercept(TimeoutExtension.java:156) ~[junit-jupiter-engine-5.10.2.jar:5.10.2]
	at org.junit.jupiter.engine.extension.TimeoutExtension.interceptTestableMethod(TimeoutExtension.java:147) ~[junit-jupiter-engine-5.10.2.jar:5.10.2]
	at org.junit.jupiter.engine.extension.TimeoutExtension.interceptTestMethod(TimeoutExtension.java:86) ~[junit-jupiter-engine-5.10.2.jar:5.10.2]
	at org.junit.jupiter.engine.execution.InterceptingExecutableInvoker$ReflectiveInterceptorCall.lambda$ofVoidMethod$0(InterceptingExecutableInvoker.java:103) ~[junit-jupiter-engine-5.10.2.jar:5.10.2]
	at org.junit.jupiter.engine.execution.InterceptingExecutableInvoker.lambda$invoke$0(InterceptingExecutableInvoker.java:93) ~[junit-jupiter-engine-5.10.2.jar:5.10.2]
	at org.junit.jupiter.engine.execution.InvocationInterceptorChain$InterceptedInvocation.proceed(InvocationInterceptorChain.java:106) ~[junit-jupiter-engine-5.10.2.jar:5.10.2]
	at org.junit.jupiter.engine.execution.InvocationInterceptorChain.proceed(InvocationInterceptorChain.java:64) ~[junit-jupiter-engine-5.10.2.jar:5.10.2]
	at org.junit.jupiter.engine.execution.InvocationInterceptorChain.chainAndInvoke(InvocationInterceptorChain.java:45) ~[junit-jupiter-engine-5.10.2.jar:5.10.2]
	at org.junit.jupiter.engine.execution.InvocationInterceptorChain.invoke(InvocationInterceptorChain.java:37) ~[junit-jupiter-engine-5.10.2.jar:5.10.2]
	at org.junit.jupiter.engine.execution.InterceptingExecutableInvoker.invoke(InterceptingExecutableInvoker.java:92) ~[junit-jupiter-engine-5.10.2.jar:5.10.2]
	at org.junit.jupiter.engine.execution.InterceptingExecutableInvoker.invoke(InterceptingExecutableInvoker.java:86) ~[junit-jupiter-engine-5.10.2.jar:5.10.2]
	at org.junit.jupiter.engine.descriptor.TestMethodTestDescriptor.lambda$invokeTestMethod$7(TestMethodTestDescriptor.java:218) ~[junit-jupiter-engine-5.10.2.jar:5.10.2]
	at org.junit.platform.engine.support.hierarchical.ThrowableCollector.execute(ThrowableCollector.java:73) ~[junit-platform-engine-1.10.2.jar:1.10.2]
	at org.junit.jupiter.engine.descriptor.TestMethodTestDescriptor.invokeTestMethod(TestMethodTestDescriptor.java:214) ~[junit-jupiter-engine-5.10.2.jar:5.10.2]
	at org.junit.jupiter.engine.descriptor.TestMethodTestDescriptor.execute(TestMethodTestDescriptor.java:139) ~[junit-jupiter-engine-5.10.2.jar:5.10.2]
	at org.junit.jupiter.engine.descriptor.TestMethodTestDescriptor.execute(TestMethodTestDescriptor.java:69) ~[junit-jupiter-engine-5.10.2.jar:5.10.2]
	at org.junit.platform.engine.support.hierarchical.NodeTestTask.lambda$executeRecursively$6(NodeTestTask.java:151) ~[junit-platform-engine-1.10.2.jar:1.10.2]
	at org.junit.platform.engine.support.hierarchical.ThrowableCollector.execute(ThrowableCollector.java:73) ~[junit-platform-engine-1.10.2.jar:1.10.2]
	at org.junit.platform.engine.support.hierarchical.NodeTestTask.lambda$executeRecursively$8(NodeTestTask.java:141) ~[junit-platform-engine-1.10.2.jar:1.10.2]
	at org.junit.platform.engine.support.hierarchical.Node.around(Node.java:137) ~[junit-platform-engine-1.10.2.jar:1.10.2]
	at org.junit.platform.engine.support.hierarchical.NodeTestTask.lambda$executeRecursively$9(NodeTestTask.java:139) ~[junit-platform-engine-1.10.2.jar:1.10.2]
	at org.junit.platform.engine.support.hierarchical.ThrowableCollector.execute(ThrowableCollector.java:73) ~[junit-platform-engine-1.10.2.jar:1.10.2]
	at org.junit.platform.engine.support.hierarchical.NodeTestTask.executeRecursively(NodeTestTask.java:138) ~[junit-platform-engine-1.10.2.jar:1.10.2]
	at org.junit.platform.engine.support.hierarchical.NodeTestTask.execute(NodeTestTask.java:95) ~[junit-platform-engine-1.10.2.jar:1.10.2]
	at java.base/java.util.ArrayList.forEach(ArrayList.java:1511) ~[na:na]
	at org.junit.platform.engine.support.hierarchical.SameThreadHierarchicalTestExecutorService.invokeAll(SameThreadHierarchicalTestExecutorService.java:41) ~[junit-platform-engine-1.10.2.jar:1.10.2]
	at org.junit.platform.engine.support.hierarchical.NodeTestTask.lambda$executeRecursively$6(NodeTestTask.java:155) ~[junit-platform-engine-1.10.2.jar:1.10.2]
	at org.junit.platform.engine.support.hierarchical.ThrowableCollector.execute(ThrowableCollector.java:73) ~[junit-platform-engine-1.10.2.jar:1.10.2]
	at org.junit.platform.engine.support.hierarchical.NodeTestTask.lambda$executeRecursively$8(NodeTestTask.java:141) ~[junit-platform-engine-1.10.2.jar:1.10.2]
	at org.junit.platform.engine.support.hierarchical.Node.around(Node.java:137) ~[junit-platform-engine-1.10.2.jar:1.10.2]
	at org.junit.platform.engine.support.hierarchical.NodeTestTask.lambda$executeRecursively$9(NodeTestTask.java:139) ~[junit-platform-engine-1.10.2.jar:1.10.2]
	at org.junit.platform.engine.support.hierarchical.ThrowableCollector.execute(ThrowableCollector.java:73) ~[junit-platform-engine-1.10.2.jar:1.10.2]
	at org.junit.platform.engine.support.hierarchical.NodeTestTask.executeRecursively(NodeTestTask.java:138) ~[junit-platform-engine-1.10.2.jar:1.10.2]
	at org.junit.platform.engine.support.hierarchical.NodeTestTask.execute(NodeTestTask.java:95) ~[junit-platform-engine-1.10.2.jar:1.10.2]
	at java.base/java.util.ArrayList.forEach(ArrayList.java:1511) ~[na:na]
	at org.junit.platform.engine.support.hierarchical.SameThreadHierarchicalTestExecutorService.invokeAll(SameThreadHierarchicalTestExecutorService.java:41) ~[junit-platform-engine-1.10.2.jar:1.10.2]
	at org.junit.platform.engine.support.hierarchical.NodeTestTask.lambda$executeRecursively$6(NodeTestTask.java:155) ~[junit-platform-engine-1.10.2.jar:1.10.2]
	at org.junit.platform.engine.support.hierarchical.ThrowableCollector.execute(ThrowableCollector.java:73) ~[junit-platform-engine-1.10.2.jar:1.10.2]
	at org.junit.platform.engine.support.hierarchical.NodeTestTask.lambda$executeRecursively$8(NodeTestTask.java:141) ~[junit-platform-engine-1.10.2.jar:1.10.2]
	at org.junit.platform.engine.support.hierarchical.Node.around(Node.java:137) ~[junit-platform-engine-1.10.2.jar:1.10.2]
	at org.junit.platform.engine.support.hierarchical.NodeTestTask.lambda$executeRecursively$9(NodeTestTask.java:139) ~[junit-platform-engine-1.10.2.jar:1.10.2]
	at org.junit.platform.engine.support.hierarchical.ThrowableCollector.execute(ThrowableCollector.java:73) ~[junit-platform-engine-1.10.2.jar:1.10.2]
	at org.junit.platform.engine.support.hierarchical.NodeTestTask.executeRecursively(NodeTestTask.java:138) ~[junit-platform-engine-1.10.2.jar:1.10.2]
	at org.junit.platform.engine.support.hierarchical.NodeTestTask.execute(NodeTestTask.java:95) ~[junit-platform-engine-1.10.2.jar:1.10.2]
	at org.junit.platform.engine.support.hierarchical.SameThreadHierarchicalTestExecutorService.submit(SameThreadHierarchicalTestExecutorService.java:35) ~[junit-platform-engine-1.10.2.jar:1.10.2]
	at org.junit.platform.engine.support.hierarchical.HierarchicalTestExecutor.execute(HierarchicalTestExecutor.java:57) ~[junit-platform-engine-1.10.2.jar:1.10.2]
	at org.junit.platform.engine.support.hierarchical.HierarchicalTestEngine.execute(HierarchicalTestEngine.java:54) ~[junit-platform-engine-1.10.2.jar:1.10.2]
	at org.junit.platform.launcher.core.EngineExecutionOrchestrator.execute(EngineExecutionOrchestrator.java:198) ~[junit-platform-launcher-1.10.2.jar:1.10.2]
	at org.junit.platform.launcher.core.EngineExecutionOrchestrator.execute(EngineExecutionOrchestrator.java:169) ~[junit-platform-launcher-1.10.2.jar:1.10.2]
	at org.junit.platform.launcher.core.EngineExecutionOrchestrator.execute(EngineExecutionOrchestrator.java:93) ~[junit-platform-launcher-1.10.2.jar:1.10.2]
	at org.junit.platform.launcher.core.EngineExecutionOrchestrator.lambda$execute$0(EngineExecutionOrchestrator.java:58) ~[junit-platform-launcher-1.10.2.jar:1.10.2]
	at org.junit.platform.launcher.core.EngineExecutionOrchestrator.withInterceptedStreams(EngineExecutionOrchestrator.java:141) ~[junit-platform-launcher-1.10.2.jar:1.10.2]
	at org.junit.platform.launcher.core.EngineExecutionOrchestrator.execute(EngineExecutionOrchestrator.java:57) ~[junit-platform-launcher-1.10.2.jar:1.10.2]
	at org.junit.platform.launcher.core.DefaultLauncher.execute(DefaultLauncher.java:103) ~[junit-platform-launcher-1.10.2.jar:1.10.2]
	at org.junit.platform.launcher.core.DefaultLauncher.execute(DefaultLauncher.java:85) ~[junit-platform-launcher-1.10.2.jar:1.10.2]
	at org.junit.platform.launcher.core.DelegatingLauncher.execute(DelegatingLauncher.java:47) ~[junit-platform-launcher-1.10.2.jar:1.10.2]
	at org.apache.maven.surefire.junitplatform.LazyLauncher.execute(LazyLauncher.java:56) ~[surefire-junit-platform-3.2.5.jar:3.2.5]
	at org.apache.maven.surefire.junitplatform.JUnitPlatformProvider.execute(JUnitPlatformProvider.java:184) ~[surefire-junit-platform-3.2.5.jar:3.2.5]
	at org.apache.maven.surefire.junitplatform.JUnitPlatformProvider.invokeAllTests(JUnitPlatformProvider.java:148) ~[surefire-junit-platform-3.2.5.jar:3.2.5]
	at org.apache.maven.surefire.junitplatform.JUnitPlatformProvider.invoke(JUnitPlatformProvider.java:122) ~[surefire-junit-platform-3.2.5.jar:3.2.5]
	at org.apache.maven.surefire.booter.ForkedBooter.runSuitesInProcess(ForkedBooter.java:385) ~[surefire-booter-3.2.5.jar:3.2.5]
	at org.apache.maven.surefire.booter.ForkedBooter.execute(ForkedBooter.java:162) ~[surefire-booter-3.2.5.jar:3.2.5]
	at org.apache.maven.surefire.booter.ForkedBooter.run(ForkedBooter.java:507) ~[surefire-booter-3.2.5.jar:3.2.5]
	at org.apache.maven.surefire.booter.ForkedBooter.main(ForkedBooter.java:495) ~[surefire-booter-3.2.5.jar:3.2.5]

]]></system-out>
  </testcase>
  <testcase name="preservesJacksonCauseWhenProviderReturnsInvalidJson" classname="celulares.cordobacelulares.services.implement.TiendaPorteClientDiagnosticsTest" time="0.008">
    <system-out><![CDATA[2026-08-06T15:34:05.516-03:00  INFO 18868 --- [cordobacelulares] [           main] c.c.s.implement.TiendaPorteClient        : Tienda Porte request. cid=- operation=products category=REALME page=1 limit=50 externalTarget=https://api.example.test/user/products timeoutSeconds=1
2026-08-06T15:34:05.516-03:00  INFO 18868 --- [cordobacelulares] [           main] c.c.s.implement.TiendaPorteClient        : Tienda Porte response. cid=- category=REALME page=1 status=200 contentType=application/json durationMs=0 bodySize=1
2026-08-06T15:34:05.521-03:00 ERROR 18868 --- [cordobacelulares] [           main] c.c.s.implement.TiendaPorteClient        : No se pudo parsear respuesta de productos de Tienda Porte. cid=- contentType=application/json bodyPreview={

com.fasterxml.jackson.core.io.JsonEOFException: Unexpected end-of-input: expected close marker for Object (start marker at [Source: REDACTED (`StreamReadFeature.INCLUDE_SOURCE_IN_LOCATION` disabled); line: 1, column: 1])
 at [Source: REDACTED (`StreamReadFeature.INCLUDE_SOURCE_IN_LOCATION` disabled); line: 1, column: 2]
	at com.fasterxml.jackson.core.base.ParserMinimalBase._reportInvalidEOF(ParserMinimalBase.java:585) ~[jackson-core-2.17.1.jar:2.17.1]
	at com.fasterxml.jackson.core.base.ParserBase._handleEOF(ParserBase.java:535) ~[jackson-core-2.17.1.jar:2.17.1]
	at com.fasterxml.jackson.core.base.ParserBase._eofAsNextChar(ParserBase.java:552) ~[jackson-core-2.17.1.jar:2.17.1]
	at com.fasterxml.jackson.core.json.ReaderBasedJsonParser._skipWSOrEnd(ReaderBasedJsonParser.java:2491) ~[jackson-core-2.17.1.jar:2.17.1]
	at com.fasterxml.jackson.core.json.ReaderBasedJsonParser.nextToken(ReaderBasedJsonParser.java:673) ~[jackson-core-2.17.1.jar:2.17.1]
	at com.fasterxml.jackson.databind.deser.BeanDeserializer.deserialize(BeanDeserializer.java:177) ~[jackson-databind-2.17.1.jar:2.17.1]
	at com.fasterxml.jackson.databind.deser.DefaultDeserializationContext.readRootValue(DefaultDeserializationContext.java:342) ~[jackson-databind-2.17.1.jar:2.17.1]
	at com.fasterxml.jackson.databind.ObjectMapper._readMapAndClose(ObjectMapper.java:4905) ~[jackson-databind-2.17.1.jar:2.17.1]
	at com.fasterxml.jackson.databind.ObjectMapper.readValue(ObjectMapper.java:3848) ~[jackson-databind-2.17.1.jar:2.17.1]
	at com.fasterxml.jackson.databind.ObjectMapper.readValue(ObjectMapper.java:3816) ~[jackson-databind-2.17.1.jar:2.17.1]
	at celulares.cordobacelulares.services.implement.TiendaPorteClient.parseProductsResponse(TiendaPorteClient.java:216) ~[classes/:na]
	at celulares.cordobacelulares.services.implement.TiendaPorteClient.fetchPage(TiendaPorteClient.java:166) ~[classes/:na]
	at celulares.cordobacelulares.services.implement.TiendaPorteClient.lambda$getProductsByCategoryPage$0(TiendaPorteClient.java:63) ~[classes/:na]
	at celulares.cordobacelulares.services.implement.TiendaPorteClient.executeWithSingleRetry(TiendaPorteClient.java:246) ~[classes/:na]
	at celulares.cordobacelulares.services.implement.TiendaPorteClient.getProductsByCategoryPage(TiendaPorteClient.java:63) ~[classes/:na]
	at celulares.cordobacelulares.services.implement.TiendaPorteClientDiagnosticsTest.lambda$preservesJacksonCauseWhenProviderReturnsInvalidJson$9(TiendaPorteClientDiagnosticsTest.java:165) ~[test-classes/:na]
	at org.assertj.core.api.ThrowableAssert.catchThrowable(ThrowableAssert.java:63) ~[assertj-core-3.25.3.jar:na]
	at org.assertj.core.api.AssertionsForClassTypes.catchThrowable(AssertionsForClassTypes.java:892) ~[assertj-core-3.25.3.jar:na]
	at org.assertj.core.api.Assertions.catchThrowable(Assertions.java:1365) ~[assertj-core-3.25.3.jar:na]
	at org.assertj.core.api.Assertions.assertThatThrownBy(Assertions.java:1209) ~[assertj-core-3.25.3.jar:na]
	at celulares.cordobacelulares.services.implement.TiendaPorteClientDiagnosticsTest.preservesJacksonCauseWhenProviderReturnsInvalidJson(TiendaPorteClientDiagnosticsTest.java:165) ~[test-classes/:na]
	at java.base/jdk.internal.reflect.NativeMethodAccessorImpl.invoke0(Native Method) ~[na:na]
	at java.base/jdk.internal.reflect.NativeMethodAccessorImpl.invoke(NativeMethodAccessorImpl.java:77) ~[na:na]
	at java.base/jdk.internal.reflect.DelegatingMethodAccessorImpl.invoke(DelegatingMethodAccessorImpl.java:43) ~[na:na]
	at java.base/java.lang.reflect.Method.invoke(Method.java:569) ~[na:na]
	at org.junit.platform.commons.util.ReflectionUtils.invokeMethod(ReflectionUtils.java:728) ~[junit-platform-commons-1.10.2.jar:1.10.2]
	at org.junit.jupiter.engine.execution.MethodInvocation.proceed(MethodInvocation.java:60) ~[junit-jupiter-engine-5.10.2.jar:5.10.2]
	at org.junit.jupiter.engine.execution.InvocationInterceptorChain$ValidatingInvocation.proceed(InvocationInterceptorChain.java:131) ~[junit-jupiter-engine-5.10.2.jar:5.10.2]
	at org.junit.jupiter.engine.extension.TimeoutExtension.intercept(TimeoutExtension.java:156) ~[junit-jupiter-engine-5.10.2.jar:5.10.2]
	at org.junit.jupiter.engine.extension.TimeoutExtension.interceptTestableMethod(TimeoutExtension.java:147) ~[junit-jupiter-engine-5.10.2.jar:5.10.2]
	at org.junit.jupiter.engine.extension.TimeoutExtension.interceptTestMethod(TimeoutExtension.java:86) ~[junit-jupiter-engine-5.10.2.jar:5.10.2]
	at org.junit.jupiter.engine.execution.InterceptingExecutableInvoker$ReflectiveInterceptorCall.lambda$ofVoidMethod$0(InterceptingExecutableInvoker.java:103) ~[junit-jupiter-engine-5.10.2.jar:5.10.2]
	at org.junit.jupiter.engine.execution.InterceptingExecutableInvoker.lambda$invoke$0(InterceptingExecutableInvoker.java:93) ~[junit-jupiter-engine-5.10.2.jar:5.10.2]
	at org.junit.jupiter.engine.execution.InvocationInterceptorChain$InterceptedInvocation.proceed(InvocationInterceptorChain.java:106) ~[junit-jupiter-engine-5.10.2.jar:5.10.2]
	at org.junit.jupiter.engine.execution.InvocationInterceptorChain.proceed(InvocationInterceptorChain.java:64) ~[junit-jupiter-engine-5.10.2.jar:5.10.2]
	at org.junit.jupiter.engine.execution.InvocationInterceptorChain.chainAndInvoke(InvocationInterceptorChain.java:45) ~[junit-jupiter-engine-5.10.2.jar:5.10.2]
	at org.junit.jupiter.engine.execution.InvocationInterceptorChain.invoke(InvocationInterceptorChain.java:37) ~[junit-jupiter-engine-5.10.2.jar:5.10.2]
	at org.junit.jupiter.engine.execution.InterceptingExecutableInvoker.invoke(InterceptingExecutableInvoker.java:92) ~[junit-jupiter-engine-5.10.2.jar:5.10.2]
	at org.junit.jupiter.engine.execution.InterceptingExecutableInvoker.invoke(InterceptingExecutableInvoker.java:86) ~[junit-jupiter-engine-5.10.2.jar:5.10.2]
	at org.junit.jupiter.engine.descriptor.TestMethodTestDescriptor.lambda$invokeTestMethod$7(TestMethodTestDescriptor.java:218) ~[junit-jupiter-engine-5.10.2.jar:5.10.2]
	at org.junit.platform.engine.support.hierarchical.ThrowableCollector.execute(ThrowableCollector.java:73) ~[junit-platform-engine-1.10.2.jar:1.10.2]
	at org.junit.jupiter.engine.descriptor.TestMethodTestDescriptor.invokeTestMethod(TestMethodTestDescriptor.java:214) ~[junit-jupiter-engine-5.10.2.jar:5.10.2]
	at org.junit.jupiter.engine.descriptor.TestMethodTestDescriptor.execute(TestMethodTestDescriptor.java:139) ~[junit-jupiter-engine-5.10.2.jar:5.10.2]
	at org.junit.jupiter.engine.descriptor.TestMethodTestDescriptor.execute(TestMethodTestDescriptor.java:69) ~[junit-jupiter-engine-5.10.2.jar:5.10.2]
	at org.junit.platform.engine.support.hierarchical.NodeTestTask.lambda$executeRecursively$6(NodeTestTask.java:151) ~[junit-platform-engine-1.10.2.jar:1.10.2]
	at org.junit.platform.engine.support.hierarchical.ThrowableCollector.execute(ThrowableCollector.java:73) ~[junit-platform-engine-1.10.2.jar:1.10.2]
	at org.junit.platform.engine.support.hierarchical.NodeTestTask.lambda$executeRecursively$8(NodeTestTask.java:141) ~[junit-platform-engine-1.10.2.jar:1.10.2]
	at org.junit.platform.engine.support.hierarchical.Node.around(Node.java:137) ~[junit-platform-engine-1.10.2.jar:1.10.2]
	at org.junit.platform.engine.support.hierarchical.NodeTestTask.lambda$executeRecursively$9(NodeTestTask.java:139) ~[junit-platform-engine-1.10.2.jar:1.10.2]
	at org.junit.platform.engine.support.hierarchical.ThrowableCollector.execute(ThrowableCollector.java:73) ~[junit-platform-engine-1.10.2.jar:1.10.2]
	at org.junit.platform.engine.support.hierarchical.NodeTestTask.executeRecursively(NodeTestTask.java:138) ~[junit-platform-engine-1.10.2.jar:1.10.2]
	at org.junit.platform.engine.support.hierarchical.NodeTestTask.execute(NodeTestTask.java:95) ~[junit-platform-engine-1.10.2.jar:1.10.2]
	at java.base/java.util.ArrayList.forEach(ArrayList.java:1511) ~[na:na]
	at org.junit.platform.engine.support.hierarchical.SameThreadHierarchicalTestExecutorService.invokeAll(SameThreadHierarchicalTestExecutorService.java:41) ~[junit-platform-engine-1.10.2.jar:1.10.2]
	at org.junit.platform.engine.support.hierarchical.NodeTestTask.lambda$executeRecursively$6(NodeTestTask.java:155) ~[junit-platform-engine-1.10.2.jar:1.10.2]
	at org.junit.platform.engine.support.hierarchical.ThrowableCollector.execute(ThrowableCollector.java:73) ~[junit-platform-engine-1.10.2.jar:1.10.2]
	at org.junit.platform.engine.support.hierarchical.NodeTestTask.lambda$executeRecursively$8(NodeTestTask.java:141) ~[junit-platform-engine-1.10.2.jar:1.10.2]
	at org.junit.platform.engine.support.hierarchical.Node.around(Node.java:137) ~[junit-platform-engine-1.10.2.jar:1.10.2]
	at org.junit.platform.engine.support.hierarchical.NodeTestTask.lambda$executeRecursively$9(NodeTestTask.java:139) ~[junit-platform-engine-1.10.2.jar:1.10.2]
	at org.junit.platform.engine.support.hierarchical.ThrowableCollector.execute(ThrowableCollector.java:73) ~[junit-platform-engine-1.10.2.jar:1.10.2]
	at org.junit.platform.engine.support.hierarchical.NodeTestTask.executeRecursively(NodeTestTask.java:138) ~[junit-platform-engine-1.10.2.jar:1.10.2]
	at org.junit.platform.engine.support.hierarchical.NodeTestTask.execute(NodeTestTask.java:95) ~[junit-platform-engine-1.10.2.jar:1.10.2]
	at java.base/java.util.ArrayList.forEach(ArrayList.java:1511) ~[na:na]
	at org.junit.platform.engine.support.hierarchical.SameThreadHierarchicalTestExecutorService.invokeAll(SameThreadHierarchicalTestExecutorService.java:41) ~[junit-platform-engine-1.10.2.jar:1.10.2]
	at org.junit.platform.engine.support.hierarchical.NodeTestTask.lambda$executeRecursively$6(NodeTestTask.java:155) ~[junit-platform-engine-1.10.2.jar:1.10.2]
	at org.junit.platform.engine.support.hierarchical.ThrowableCollector.execute(ThrowableCollector.java:73) ~[junit-platform-engine-1.10.2.jar:1.10.2]
	at org.junit.platform.engine.support.hierarchical.NodeTestTask.lambda$executeRecursively$8(NodeTestTask.java:141) ~[junit-platform-engine-1.10.2.jar:1.10.2]
	at org.junit.platform.engine.support.hierarchical.Node.around(Node.java:137) ~[junit-platform-engine-1.10.2.jar:1.10.2]
	at org.junit.platform.engine.support.hierarchical.NodeTestTask.lambda$executeRecursively$9(NodeTestTask.java:139) ~[junit-platform-engine-1.10.2.jar:1.10.2]
	at org.junit.platform.engine.support.hierarchical.ThrowableCollector.execute(ThrowableCollector.java:73) ~[junit-platform-engine-1.10.2.jar:1.10.2]
	at org.junit.platform.engine.support.hierarchical.NodeTestTask.executeRecursively(NodeTestTask.java:138) ~[junit-platform-engine-1.10.2.jar:1.10.2]
	at org.junit.platform.engine.support.hierarchical.NodeTestTask.execute(NodeTestTask.java:95) ~[junit-platform-engine-1.10.2.jar:1.10.2]
	at org.junit.platform.engine.support.hierarchical.SameThreadHierarchicalTestExecutorService.submit(SameThreadHierarchicalTestExecutorService.java:35) ~[junit-platform-engine-1.10.2.jar:1.10.2]
	at org.junit.platform.engine.support.hierarchical.HierarchicalTestExecutor.execute(HierarchicalTestExecutor.java:57) ~[junit-platform-engine-1.10.2.jar:1.10.2]
	at org.junit.platform.engine.support.hierarchical.HierarchicalTestEngine.execute(HierarchicalTestEngine.java:54) ~[junit-platform-engine-1.10.2.jar:1.10.2]
	at org.junit.platform.launcher.core.EngineExecutionOrchestrator.execute(EngineExecutionOrchestrator.java:198) ~[junit-platform-launcher-1.10.2.jar:1.10.2]
	at org.junit.platform.launcher.core.EngineExecutionOrchestrator.execute(EngineExecutionOrchestrator.java:169) ~[junit-platform-launcher-1.10.2.jar:1.10.2]
	at org.junit.platform.launcher.core.EngineExecutionOrchestrator.execute(EngineExecutionOrchestrator.java:93) ~[junit-platform-launcher-1.10.2.jar:1.10.2]
	at org.junit.platform.launcher.core.EngineExecutionOrchestrator.lambda$execute$0(EngineExecutionOrchestrator.java:58) ~[junit-platform-launcher-1.10.2.jar:1.10.2]
	at org.junit.platform.launcher.core.EngineExecutionOrchestrator.withInterceptedStreams(EngineExecutionOrchestrator.java:141) ~[junit-platform-launcher-1.10.2.jar:1.10.2]
	at org.junit.platform.launcher.core.EngineExecutionOrchestrator.execute(EngineExecutionOrchestrator.java:57) ~[junit-platform-launcher-1.10.2.jar:1.10.2]
	at org.junit.platform.launcher.core.DefaultLauncher.execute(DefaultLauncher.java:103) ~[junit-platform-launcher-1.10.2.jar:1.10.2]
	at org.junit.platform.launcher.core.DefaultLauncher.execute(DefaultLauncher.java:85) ~[junit-platform-launcher-1.10.2.jar:1.10.2]
	at org.junit.platform.launcher.core.DelegatingLauncher.execute(DelegatingLauncher.java:47) ~[junit-platform-launcher-1.10.2.jar:1.10.2]
	at org.apache.maven.surefire.junitplatform.LazyLauncher.execute(LazyLauncher.java:56) ~[surefire-junit-platform-3.2.5.jar:3.2.5]
	at org.apache.maven.surefire.junitplatform.JUnitPlatformProvider.execute(JUnitPlatformProvider.java:184) ~[surefire-junit-platform-3.2.5.jar:3.2.5]
	at org.apache.maven.surefire.junitplatform.JUnitPlatformProvider.invokeAllTests(JUnitPlatformProvider.java:148) ~[surefire-junit-platform-3.2.5.jar:3.2.5]
	at org.apache.maven.surefire.junitplatform.JUnitPlatformProvider.invoke(JUnitPlatformProvider.java:122) ~[surefire-junit-platform-3.2.5.jar:3.2.5]
	at org.apache.maven.surefire.booter.ForkedBooter.runSuitesInProcess(ForkedBooter.java:385) ~[surefire-booter-3.2.5.jar:3.2.5]
	at org.apache.maven.surefire.booter.ForkedBooter.execute(ForkedBooter.java:162) ~[surefire-booter-3.2.5.jar:3.2.5]
	at org.apache.maven.surefire.booter.ForkedBooter.run(ForkedBooter.java:507) ~[surefire-booter-3.2.5.jar:3.2.5]
	at org.apache.maven.surefire.booter.ForkedBooter.main(ForkedBooter.java:495) ~[surefire-booter-3.2.5.jar:3.2.5]

]]></system-out>
  </testcase>
  <testcase name="usesDefaultCooldownWhenRateLimitHasNoRetryAfter" classname="celulares.cordobacelulares.services.implement.TiendaPorteClientDiagnosticsTest" time="0.004">
    <system-out><![CDATA[2026-08-06T15:34:05.524-03:00  INFO 18868 --- [cordobacelulares] [           main] c.c.s.implement.TiendaPorteClient        : Tienda Porte request. cid=- operation=products category=REALME page=1 limit=50 externalTarget=https://api.example.test/user/products timeoutSeconds=1
2026-08-06T15:34:05.526-03:00  INFO 18868 --- [cordobacelulares] [           main] c.c.s.implement.TiendaPorteClient        : Tienda Porte response. cid=- category=REALME page=1 status=429 contentType=application/json durationMs=0 bodySize=31
2026-08-06T15:34:05.526-03:00  WARN 18868 --- [cordobacelulares] [           main] c.c.s.implement.TiendaPorteClient        : Tienda Porte limito la consulta de productos. cid=- category=REALME page=1 limit=50 status=429 retryAfter=null nextAllowedRefreshAt=2026-08-06T18:37:05.526995600Z bodyPreview={"message":"too many requests"}
]]></system-out>
  </testcase>
  <testcase name="preservesConnectionFailureCause" classname="celulares.cordobacelulares.services.implement.TiendaPorteClientDiagnosticsTest" time="0.002">
    <system-out><![CDATA[2026-08-06T15:34:05.531-03:00  INFO 18868 --- [cordobacelulares] [           main] c.c.s.implement.TiendaPorteClient        : Tienda Porte request. cid=- operation=products category=REALME page=1 limit=50 externalTarget=https://api.example.test/user/products timeoutSeconds=1
]]></system-out>
  </testcase>
  <testcase name="retriesOnceWhenProviderRespondsUnauthorizedAndSecondAttemptWorks" classname="celulares.cordobacelulares.services.implement.TiendaPorteClientDiagnosticsTest" time="0.006">
    <system-out><![CDATA[2026-08-06T15:34:05.535-03:00  INFO 18868 --- [cordobacelulares] [           main] c.c.s.implement.TiendaPorteClient        : Tienda Porte request. cid=- operation=products category=REALME page=1 limit=50 externalTarget=https://api.example.test/user/products timeoutSeconds=1
2026-08-06T15:34:05.537-03:00  INFO 18868 --- [cordobacelulares] [           main] c.c.s.implement.TiendaPorteClient        : Tienda Porte response. cid=- category=REALME page=1 status=401 contentType=application/json durationMs=0 bodySize=26
2026-08-06T15:34:05.539-03:00  WARN 18868 --- [cordobacelulares] [           main] c.c.s.implement.TiendaPorteClient        : Tienda Porte respondio 401. cid=- category=REALME page=1. Se invalida autenticacion y se reintenta una vez.
2026-08-06T15:34:05.539-03:00  INFO 18868 --- [cordobacelulares] [           main] c.c.s.implement.TiendaPorteClient        : Tienda Porte request. cid=- operation=products category=REALME page=1 limit=50 externalTarget=https://api.example.test/user/products timeoutSeconds=1
2026-08-06T15:34:05.539-03:00  INFO 18868 --- [cordobacelulares] [           main] c.c.s.implement.TiendaPorteClient        : Tienda Porte response. cid=- category=REALME page=1 status=200 contentType=application/json durationMs=0 bodySize=60
2026-08-06T15:34:05.539-03:00  INFO 18868 --- [cordobacelulares] [           main] c.c.s.implement.TiendaPorteClient        : Tienda Porte products parsed. cid=- category=REALME page=1 products=0
]]></system-out>
  </testcase>
  <testcase name="failsWhenProviderRespondsRateLimited" classname="celulares.cordobacelulares.services.implement.TiendaPorteClientDiagnosticsTest" time="0.008">
    <system-out><![CDATA[2026-08-06T15:34:05.539-03:00  INFO 18868 --- [cordobacelulares] [           main] c.c.s.implement.TiendaPorteClient        : Tienda Porte request. cid=- operation=products category=REALME page=1 limit=50 externalTarget=https://api.example.test/user/products timeoutSeconds=1
2026-08-06T15:34:05.539-03:00  INFO 18868 --- [cordobacelulares] [           main] c.c.s.implement.TiendaPorteClient        : Tienda Porte response. cid=- category=REALME page=1 status=429 contentType=application/json durationMs=0 bodySize=31
2026-08-06T15:34:05.547-03:00  WARN 18868 --- [cordobacelulares] [           main] c.c.s.implement.TiendaPorteClient        : Tienda Porte limito la consulta de productos. cid=- category=REALME page=1 limit=50 status=429 retryAfter=null nextAllowedRefreshAt=2026-08-06T18:37:05.539300Z bodyPreview={"message":"too many requests"}
]]></system-out>
  </testcase>
  <testcase name="failsWhenProviderRespondsUnauthorizedTwice" classname="celulares.cordobacelulares.services.implement.TiendaPorteClientDiagnosticsTest" time="0.002">
    <system-out><![CDATA[2026-08-06T15:34:05.551-03:00  INFO 18868 --- [cordobacelulares] [           main] c.c.s.implement.TiendaPorteClient        : Tienda Porte request. cid=- operation=products category=REALME page=1 limit=50 externalTarget=https://api.example.test/user/products timeoutSeconds=1
2026-08-06T15:34:05.551-03:00  INFO 18868 --- [cordobacelulares] [           main] c.c.s.implement.TiendaPorteClient        : Tienda Porte response. cid=- category=REALME page=1 status=401 contentType=application/json durationMs=0 bodySize=26
2026-08-06T15:34:05.551-03:00  WARN 18868 --- [cordobacelulares] [           main] c.c.s.implement.TiendaPorteClient        : Tienda Porte respondio 401. cid=- category=REALME page=1. Se invalida autenticacion y se reintenta una vez.
2026-08-06T15:34:05.551-03:00  INFO 18868 --- [cordobacelulares] [           main] c.c.s.implement.TiendaPorteClient        : Tienda Porte request. cid=- operation=products category=REALME page=1 limit=50 externalTarget=https://api.example.test/user/products timeoutSeconds=1
2026-08-06T15:34:05.551-03:00  INFO 18868 --- [cordobacelulares] [           main] c.c.s.implement.TiendaPorteClient        : Tienda Porte response. cid=- category=REALME page=1 status=401 contentType=application/json durationMs=0 bodySize=26
2026-08-06T15:34:05.551-03:00 ERROR 18868 --- [cordobacelulares] [           main] c.c.s.implement.TiendaPorteClient        : Tienda Porte volvio a responder 401 despues de renovar autenticacion. cid=- category=REALME page=1

celulares.cordobacelulares.services.implement.TiendaPorteClient$UnauthorizedExternalResponseException: Tienda Porte products responded 401 for category=REALME, page=1, limit=50
	at celulares.cordobacelulares.services.implement.TiendaPorteClient.fetchPage(TiendaPorteClient.java:136) ~[classes/:na]
	at celulares.cordobacelulares.services.implement.TiendaPorteClient.lambda$getProductsByCategoryPage$0(TiendaPorteClient.java:63) ~[classes/:na]
	at celulares.cordobacelulares.services.implement.TiendaPorteClient.executeWithSingleRetry(TiendaPorteClient.java:257) ~[classes/:na]
	at celulares.cordobacelulares.services.implement.TiendaPorteClient.getProductsByCategoryPage(TiendaPorteClient.java:63) ~[classes/:na]
	at celulares.cordobacelulares.services.implement.TiendaPorteClientDiagnosticsTest.lambda$failsWhenProviderRespondsUnauthorizedTwice$0(TiendaPorteClientDiagnosticsTest.java:91) ~[test-classes/:na]
	at org.assertj.core.api.ThrowableAssert.catchThrowable(ThrowableAssert.java:63) ~[assertj-core-3.25.3.jar:na]
	at org.assertj.core.api.AssertionsForClassTypes.catchThrowable(AssertionsForClassTypes.java:892) ~[assertj-core-3.25.3.jar:na]
	at org.assertj.core.api.Assertions.catchThrowable(Assertions.java:1365) ~[assertj-core-3.25.3.jar:na]
	at org.assertj.core.api.Assertions.assertThatThrownBy(Assertions.java:1209) ~[assertj-core-3.25.3.jar:na]
	at celulares.cordobacelulares.services.implement.TiendaPorteClientDiagnosticsTest.failsWhenProviderRespondsUnauthorizedTwice(TiendaPorteClientDiagnosticsTest.java:91) ~[test-classes/:na]
	at java.base/jdk.internal.reflect.NativeMethodAccessorImpl.invoke0(Native Method) ~[na:na]
	at java.base/jdk.internal.reflect.NativeMethodAccessorImpl.invoke(NativeMethodAccessorImpl.java:77) ~[na:na]
	at java.base/jdk.internal.reflect.DelegatingMethodAccessorImpl.invoke(DelegatingMethodAccessorImpl.java:43) ~[na:na]
	at java.base/java.lang.reflect.Method.invoke(Method.java:569) ~[na:na]
	at org.junit.platform.commons.util.ReflectionUtils.invokeMethod(ReflectionUtils.java:728) ~[junit-platform-commons-1.10.2.jar:1.10.2]
	at org.junit.jupiter.engine.execution.MethodInvocation.proceed(MethodInvocation.java:60) ~[junit-jupiter-engine-5.10.2.jar:5.10.2]
	at org.junit.jupiter.engine.execution.InvocationInterceptorChain$ValidatingInvocation.proceed(InvocationInterceptorChain.java:131) ~[junit-jupiter-engine-5.10.2.jar:5.10.2]
	at org.junit.jupiter.engine.extension.TimeoutExtension.intercept(TimeoutExtension.java:156) ~[junit-jupiter-engine-5.10.2.jar:5.10.2]
	at org.junit.jupiter.engine.extension.TimeoutExtension.interceptTestableMethod(TimeoutExtension.java:147) ~[junit-jupiter-engine-5.10.2.jar:5.10.2]
	at org.junit.jupiter.engine.extension.TimeoutExtension.interceptTestMethod(TimeoutExtension.java:86) ~[junit-jupiter-engine-5.10.2.jar:5.10.2]
	at org.junit.jupiter.engine.execution.InterceptingExecutableInvoker$ReflectiveInterceptorCall.lambda$ofVoidMethod$0(InterceptingExecutableInvoker.java:103) ~[junit-jupiter-engine-5.10.2.jar:5.10.2]
	at org.junit.jupiter.engine.execution.InterceptingExecutableInvoker.lambda$invoke$0(InterceptingExecutableInvoker.java:93) ~[junit-jupiter-engine-5.10.2.jar:5.10.2]
	at org.junit.jupiter.engine.execution.InvocationInterceptorChain$InterceptedInvocation.proceed(InvocationInterceptorChain.java:106) ~[junit-jupiter-engine-5.10.2.jar:5.10.2]
	at org.junit.jupiter.engine.execution.InvocationInterceptorChain.proceed(InvocationInterceptorChain.java:64) ~[junit-jupiter-engine-5.10.2.jar:5.10.2]
	at org.junit.jupiter.engine.execution.InvocationInterceptorChain.chainAndInvoke(InvocationInterceptorChain.java:45) ~[junit-jupiter-engine-5.10.2.jar:5.10.2]
	at org.junit.jupiter.engine.execution.InvocationInterceptorChain.invoke(InvocationInterceptorChain.java:37) ~[junit-jupiter-engine-5.10.2.jar:5.10.2]
	at org.junit.jupiter.engine.execution.InterceptingExecutableInvoker.invoke(InterceptingExecutableInvoker.java:92) ~[junit-jupiter-engine-5.10.2.jar:5.10.2]
	at org.junit.jupiter.engine.execution.InterceptingExecutableInvoker.invoke(InterceptingExecutableInvoker.java:86) ~[junit-jupiter-engine-5.10.2.jar:5.10.2]
	at org.junit.jupiter.engine.descriptor.TestMethodTestDescriptor.lambda$invokeTestMethod$7(TestMethodTestDescriptor.java:218) ~[junit-jupiter-engine-5.10.2.jar:5.10.2]
	at org.junit.platform.engine.support.hierarchical.ThrowableCollector.execute(ThrowableCollector.java:73) ~[junit-platform-engine-1.10.2.jar:1.10.2]
	at org.junit.jupiter.engine.descriptor.TestMethodTestDescriptor.invokeTestMethod(TestMethodTestDescriptor.java:214) ~[junit-jupiter-engine-5.10.2.jar:5.10.2]
	at org.junit.jupiter.engine.descriptor.TestMethodTestDescriptor.execute(TestMethodTestDescriptor.java:139) ~[junit-jupiter-engine-5.10.2.jar:5.10.2]
	at org.junit.jupiter.engine.descriptor.TestMethodTestDescriptor.execute(TestMethodTestDescriptor.java:69) ~[junit-jupiter-engine-5.10.2.jar:5.10.2]
	at org.junit.platform.engine.support.hierarchical.NodeTestTask.lambda$executeRecursively$6(NodeTestTask.java:151) ~[junit-platform-engine-1.10.2.jar:1.10.2]
	at org.junit.platform.engine.support.hierarchical.ThrowableCollector.execute(ThrowableCollector.java:73) ~[junit-platform-engine-1.10.2.jar:1.10.2]
	at org.junit.platform.engine.support.hierarchical.NodeTestTask.lambda$executeRecursively$8(NodeTestTask.java:141) ~[junit-platform-engine-1.10.2.jar:1.10.2]
	at org.junit.platform.engine.support.hierarchical.Node.around(Node.java:137) ~[junit-platform-engine-1.10.2.jar:1.10.2]
	at org.junit.platform.engine.support.hierarchical.NodeTestTask.lambda$executeRecursively$9(NodeTestTask.java:139) ~[junit-platform-engine-1.10.2.jar:1.10.2]
	at org.junit.platform.engine.support.hierarchical.ThrowableCollector.execute(ThrowableCollector.java:73) ~[junit-platform-engine-1.10.2.jar:1.10.2]
	at org.junit.platform.engine.support.hierarchical.NodeTestTask.executeRecursively(NodeTestTask.java:138) ~[junit-platform-engine-1.10.2.jar:1.10.2]
	at org.junit.platform.engine.support.hierarchical.NodeTestTask.execute(NodeTestTask.java:95) ~[junit-platform-engine-1.10.2.jar:1.10.2]
	at java.base/java.util.ArrayList.forEach(ArrayList.java:1511) ~[na:na]
	at org.junit.platform.engine.support.hierarchical.SameThreadHierarchicalTestExecutorService.invokeAll(SameThreadHierarchicalTestExecutorService.java:41) ~[junit-platform-engine-1.10.2.jar:1.10.2]
	at org.junit.platform.engine.support.hierarchical.NodeTestTask.lambda$executeRecursively$6(NodeTestTask.java:155) ~[junit-platform-engine-1.10.2.jar:1.10.2]
	at org.junit.platform.engine.support.hierarchical.ThrowableCollector.execute(ThrowableCollector.java:73) ~[junit-platform-engine-1.10.2.jar:1.10.2]
	at org.junit.platform.engine.support.hierarchical.NodeTestTask.lambda$executeRecursively$8(NodeTestTask.java:141) ~[junit-platform-engine-1.10.2.jar:1.10.2]
	at org.junit.platform.engine.support.hierarchical.Node.around(Node.java:137) ~[junit-platform-engine-1.10.2.jar:1.10.2]
	at org.junit.platform.engine.support.hierarchical.NodeTestTask.lambda$executeRecursively$9(NodeTestTask.java:139) ~[junit-platform-engine-1.10.2.jar:1.10.2]
	at org.junit.platform.engine.support.hierarchical.ThrowableCollector.execute(ThrowableCollector.java:73) ~[junit-platform-engine-1.10.2.jar:1.10.2]
	at org.junit.platform.engine.support.hierarchical.NodeTestTask.executeRecursively(NodeTestTask.java:138) ~[junit-platform-engine-1.10.2.jar:1.10.2]
	at org.junit.platform.engine.support.hierarchical.NodeTestTask.execute(NodeTestTask.java:95) ~[junit-platform-engine-1.10.2.jar:1.10.2]
	at java.base/java.util.ArrayList.forEach(ArrayList.java:1511) ~[na:na]
	at org.junit.platform.engine.support.hierarchical.SameThreadHierarchicalTestExecutorService.invokeAll(SameThreadHierarchicalTestExecutorService.java:41) ~[junit-platform-engine-1.10.2.jar:1.10.2]
	at org.junit.platform.engine.support.hierarchical.NodeTestTask.lambda$executeRecursively$6(NodeTestTask.java:155) ~[junit-platform-engine-1.10.2.jar:1.10.2]
	at org.junit.platform.engine.support.hierarchical.ThrowableCollector.execute(ThrowableCollector.java:73) ~[junit-platform-engine-1.10.2.jar:1.10.2]
	at org.junit.platform.engine.support.hierarchical.NodeTestTask.lambda$executeRecursively$8(NodeTestTask.java:141) ~[junit-platform-engine-1.10.2.jar:1.10.2]
	at org.junit.platform.engine.support.hierarchical.Node.around(Node.java:137) ~[junit-platform-engine-1.10.2.jar:1.10.2]
	at org.junit.platform.engine.support.hierarchical.NodeTestTask.lambda$executeRecursively$9(NodeTestTask.java:139) ~[junit-platform-engine-1.10.2.jar:1.10.2]
	at org.junit.platform.engine.support.hierarchical.ThrowableCollector.execute(ThrowableCollector.java:73) ~[junit-platform-engine-1.10.2.jar:1.10.2]
	at org.junit.platform.engine.support.hierarchical.NodeTestTask.executeRecursively(NodeTestTask.java:138) ~[junit-platform-engine-1.10.2.jar:1.10.2]
	at org.junit.platform.engine.support.hierarchical.NodeTestTask.execute(NodeTestTask.java:95) ~[junit-platform-engine-1.10.2.jar:1.10.2]
	at org.junit.platform.engine.support.hierarchical.SameThreadHierarchicalTestExecutorService.submit(SameThreadHierarchicalTestExecutorService.java:35) ~[junit-platform-engine-1.10.2.jar:1.10.2]
	at org.junit.platform.engine.support.hierarchical.HierarchicalTestExecutor.execute(HierarchicalTestExecutor.java:57) ~[junit-platform-engine-1.10.2.jar:1.10.2]
	at org.junit.platform.engine.support.hierarchical.HierarchicalTestEngine.execute(HierarchicalTestEngine.java:54) ~[junit-platform-engine-1.10.2.jar:1.10.2]
	at org.junit.platform.launcher.core.EngineExecutionOrchestrator.execute(EngineExecutionOrchestrator.java:198) ~[junit-platform-launcher-1.10.2.jar:1.10.2]
	at org.junit.platform.launcher.core.EngineExecutionOrchestrator.execute(EngineExecutionOrchestrator.java:169) ~[junit-platform-launcher-1.10.2.jar:1.10.2]
	at org.junit.platform.launcher.core.EngineExecutionOrchestrator.execute(EngineExecutionOrchestrator.java:93) ~[junit-platform-launcher-1.10.2.jar:1.10.2]
	at org.junit.platform.launcher.core.EngineExecutionOrchestrator.lambda$execute$0(EngineExecutionOrchestrator.java:58) ~[junit-platform-launcher-1.10.2.jar:1.10.2]
	at org.junit.platform.launcher.core.EngineExecutionOrchestrator.withInterceptedStreams(EngineExecutionOrchestrator.java:141) ~[junit-platform-launcher-1.10.2.jar:1.10.2]
	at org.junit.platform.launcher.core.EngineExecutionOrchestrator.execute(EngineExecutionOrchestrator.java:57) ~[junit-platform-launcher-1.10.2.jar:1.10.2]
	at org.junit.platform.launcher.core.DefaultLauncher.execute(DefaultLauncher.java:103) ~[junit-platform-launcher-1.10.2.jar:1.10.2]
	at org.junit.platform.launcher.core.DefaultLauncher.execute(DefaultLauncher.java:85) ~[junit-platform-launcher-1.10.2.jar:1.10.2]
	at org.junit.platform.launcher.core.DelegatingLauncher.execute(DelegatingLauncher.java:47) ~[junit-platform-launcher-1.10.2.jar:1.10.2]
	at org.apache.maven.surefire.junitplatform.LazyLauncher.execute(LazyLauncher.java:56) ~[surefire-junit-platform-3.2.5.jar:3.2.5]
	at org.apache.maven.surefire.junitplatform.JUnitPlatformProvider.execute(JUnitPlatformProvider.java:184) ~[surefire-junit-platform-3.2.5.jar:3.2.5]
	at org.apache.maven.surefire.junitplatform.JUnitPlatformProvider.invokeAllTests(JUnitPlatformProvider.java:148) ~[surefire-junit-platform-3.2.5.jar:3.2.5]
	at org.apache.maven.surefire.junitplatform.JUnitPlatformProvider.invoke(JUnitPlatformProvider.java:122) ~[surefire-junit-platform-3.2.5.jar:3.2.5]
	at org.apache.maven.surefire.booter.ForkedBooter.runSuitesInProcess(ForkedBooter.java:385) ~[surefire-booter-3.2.5.jar:3.2.5]
	at org.apache.maven.surefire.booter.ForkedBooter.execute(ForkedBooter.java:162) ~[surefire-booter-3.2.5.jar:3.2.5]
	at org.apache.maven.surefire.booter.ForkedBooter.run(ForkedBooter.java:507) ~[surefire-booter-3.2.5.jar:3.2.5]
	at org.apache.maven.surefire.booter.ForkedBooter.main(ForkedBooter.java:495) ~[surefire-booter-3.2.5.jar:3.2.5]

]]></system-out>
  </testcase>
  <testcase name="encodesCategorySpacesAsPercent20" classname="celulares.cordobacelulares.services.implement.TiendaPorteClientDiagnosticsTest" time="0.004">
    <system-out><![CDATA[2026-08-06T15:34:05.555-03:00  INFO 18868 --- [cordobacelulares] [           main] c.c.s.implement.TiendaPorteClient        : Tienda Porte request. cid=- operation=products category=PRODUCTOS APPLE page=1 limit=50 externalTarget=https://api.example.test/user/products timeoutSeconds=1
2026-08-06T15:34:05.555-03:00  INFO 18868 --- [cordobacelulares] [           main] c.c.s.implement.TiendaPorteClient        : Tienda Porte response. cid=- category=PRODUCTOS APPLE page=1 status=200 contentType=application/json durationMs=0 bodySize=60
2026-08-06T15:34:05.559-03:00  INFO 18868 --- [cordobacelulares] [           main] c.c.s.implement.TiendaPorteClient        : Tienda Porte products parsed. cid=- category=PRODUCTOS APPLE page=1 products=0
]]></system-out>
  </testcase>
  <testcase name="parsesRetryAfterSecondsWhenProviderRespondsRateLimited" classname="celulares.cordobacelulares.services.implement.TiendaPorteClientDiagnosticsTest" time="0.0">
    <system-out><![CDATA[2026-08-06T15:34:05.561-03:00  INFO 18868 --- [cordobacelulares] [           main] c.c.s.implement.TiendaPorteClient        : Tienda Porte request. cid=- operation=products category=REALME page=1 limit=50 externalTarget=https://api.example.test/user/products timeoutSeconds=1
2026-08-06T15:34:05.561-03:00  INFO 18868 --- [cordobacelulares] [           main] c.c.s.implement.TiendaPorteClient        : Tienda Porte response. cid=- category=REALME page=1 status=429 contentType=application/json durationMs=0 bodySize=31
2026-08-06T15:34:05.561-03:00  WARN 18868 --- [cordobacelulares] [           main] c.c.s.implement.TiendaPorteClient        : Tienda Porte limito la consulta de productos. cid=- category=REALME page=1 limit=50 status=429 retryAfter=2026-08-06T18:36:05.561588Z nextAllowedRefreshAt=2026-08-06T18:36:05.561588Z bodyPreview={"message":"too many requests"}
]]></system-out>
  </testcase>
  <testcase name="failsWhenProviderRespondsServerError" classname="celulares.cordobacelulares.services.implement.TiendaPorteClientDiagnosticsTest" time="0.0">
    <system-out><![CDATA[2026-08-06T15:34:05.565-03:00  INFO 18868 --- [cordobacelulares] [           main] c.c.s.implement.TiendaPorteClient        : Tienda Porte request. cid=- operation=products category=REALME page=1 limit=50 externalTarget=https://api.example.test/user/products timeoutSeconds=1
2026-08-06T15:34:05.565-03:00  INFO 18868 --- [cordobacelulares] [           main] c.c.s.implement.TiendaPorteClient        : Tienda Porte response. cid=- category=REALME page=1 status=500 contentType=application/json durationMs=0 bodySize=26
2026-08-06T15:34:05.565-03:00 ERROR 18868 --- [cordobacelulares] [           main] c.c.s.implement.TiendaPorteClient        : Tienda Porte fallo al consultar productos. cid=- category=REALME page=1 limit=50 status=500 bodyPreview={"message":"server error"}
]]></system-out>
  </testcase>
</testsuite>