<?xml version="1.0" encoding="UTF-8"?>
<testsuite xmlns:xsi="http://www.w3.org/2001/XMLSchema-instance" xsi:noNamespaceSchemaLocation="https://maven.apache.org/surefire/maven-surefire-plugin/xsd/surefire-test-report-3.0.xsd" version="3.0" name="celulares.cordobacelulares.services.implement.TiendaPorteAuthServiceDiagnosticsTest" time="0.144" tests="5" errors="0" skipped="0" failures="0">
  <properties>
[...]
</properties>
  <testcase name="preservesCauseWhenPasswordCannotBeDecrypted" classname="celulares.cordobacelulares.services.implement.TiendaPorteAuthServiceDiagnosticsTest" time="0.017"/>
  <testcase name="preservesCauseWhenSessionExpirationIsInvalid" classname="celulares.cordobacelulares.services.implement.TiendaPorteAuthServiceDiagnosticsTest" time="0.019">
    <system-out><![CDATA[2026-08-06T15:34:05.116-03:00  INFO 18868 --- [cordobacelulares] [           main] c.c.s.implement.TiendaPorteAuthService   : Iniciando autenticacion con Tienda Porte. cid=- username=us***@example.test
2026-08-06T15:34:05.116-03:00  INFO 18868 --- [cordobacelulares] [           main] c.c.s.implement.TiendaPorteAuthService   : Solicitando CSRF a Tienda Porte. cid=- target=https://auth.example.test/api/auth/csrf
2026-08-06T15:34:05.117-03:00  INFO 18868 --- [cordobacelulares] [           main] c.c.s.implement.TiendaPorteAuthService   : Tienda Porte auth response. cid=- operation=csrf status=200 contentType=application/json durationMs=0 bodySize=20
2026-08-06T15:34:05.121-03:00  INFO 18868 --- [cordobacelulares] [           main] c.c.s.implement.TiendaPorteAuthService   : CSRF recibido desde Tienda Porte. cid=- tokenObtenido=true
2026-08-06T15:34:05.124-03:00  INFO 18868 --- [cordobacelulares] [           main] c.c.s.implement.TiendaPorteAuthService   : Enviando credenciales a Tienda Porte. cid=- username=us***@example.test target=https://auth.example.test/api/auth/callback/credentials
2026-08-06T15:34:05.124-03:00  INFO 18868 --- [cordobacelulares] [           main] c.c.s.implement.TiendaPorteAuthService   : Tienda Porte auth response. cid=- operation=login status=200 contentType=application/json durationMs=0 bodySize=2
2026-08-06T15:34:05.124-03:00  INFO 18868 --- [cordobacelulares] [           main] c.c.s.implement.TiendaPorteAuthService   : Credenciales aceptadas por Tienda Porte. cid=- status=200
2026-08-06T15:34:05.124-03:00  INFO 18868 --- [cordobacelulares] [           main] c.c.s.implement.TiendaPorteAuthService   : Consultando sesion de Tienda Porte. cid=- target=https://auth.example.test/api/auth/session
2026-08-06T15:34:05.125-03:00  INFO 18868 --- [cordobacelulares] [           main] c.c.s.implement.TiendaPorteAuthService   : Tienda Porte auth response. cid=- operation=session status=200 contentType=application/json durationMs=0 bodySize=52
2026-08-06T15:34:05.127-03:00 ERROR 18868 --- [cordobacelulares] [           main] c.c.s.implement.TiendaPorteAuthService   : No se pudo parsear expiracion de sesion de Tienda Porte. cid=- expires=invalid

java.time.format.DateTimeParseException: Text 'invalid' could not be parsed at index 0
	at java.base/java.time.format.DateTimeFormatter.parseResolved0(DateTimeFormatter.java:2052) ~[na:na]
	at java.base/java.time.format.DateTimeFormatter.parse(DateTimeFormatter.java:1954) ~[na:na]
	at java.base/java.time.Instant.parse(Instant.java:397) ~[na:na]
	at celulares.cordobacelulares.services.implement.TiendaPorteAuthService.parseExpiration(TiendaPorteAuthService.java:319) ~[classes/:na]
	at celulares.cordobacelulares.services.implement.TiendaPorteAuthService.authenticate(TiendaPorteAuthService.java:119) ~[classes/:na]
	at celulares.cordobacelulares.services.implement.TiendaPorteAuthService.getAccessToken(TiendaPorteAuthService.java:82) ~[classes/:na]
	at org.assertj.core.api.ThrowableAssert.catchThrowable(ThrowableAssert.java:63) ~[assertj-core-3.25.3.jar:na]
	at org.assertj.core.api.AssertionsForClassTypes.catchThrowable(AssertionsForClassTypes.java:892) ~[assertj-core-3.25.3.jar:na]
	at org.assertj.core.api.Assertions.catchThrowable(Assertions.java:1365) ~[assertj-core-3.25.3.jar:na]
	at org.assertj.core.api.Assertions.assertThatThrownBy(Assertions.java:1209) ~[assertj-core-3.25.3.jar:na]
	at celulares.cordobacelulares.services.implement.TiendaPorteAuthServiceDiagnosticsTest.preservesCauseWhenSessionExpirationIsInvalid(TiendaPorteAuthServiceDiagnosticsTest.java:97) ~[test-classes/:na]
	at java.base/jdk.internal.reflect.NativeMethodAccessorImpl.invoke0(Native Method) ~[na:na]
	at java.base/jdk.internal.reflect.NativeMethodAccessorImpl.invoke(NativeMethodAccessorImpl.java:77) ~[na:na]
	at java.base/jdk.internal.reflect.DelegatingMethodAccessorImpl.invoke(DelegatingMethodAccessorImpl.java:43) ~[na:na]
	at java.base/java.lang.reflect.Method.invoke(Method.java:569) ~[na:na]
	at org.junit.platform.commons.util.ReflectionUtils.invokeMethod(ReflectionUtils.java:728) ~[junit-platform-commons-1.10.2.jar:1.10.2]
	at org.junit.jupiter.engine.execution.MethodInvocation.proceed(MethodInvocation.java:60) ~[junit-jupiter-engine-5.10.2.jar:5.10.2]
	at org.junit.jupiter.engine.execution.InvocationInterceptorChain$ValidatingInvocation.proceed(InvocationInterceptorChain.java:131) ~[junit-jupiter-engine-5.10.2.jar:5.10.2]
	at org.junit.jupiter.engine.extension.TimeoutExtension.intercept(TimeoutExtension.java:156) ~[junit-jupiter-engine-5.10.2.jar:5.10.2]
	at org.junit.jupiter.engine.extension.TimeoutExtension.interceptTestableMethod(TimeoutExtension.java:147) ~[junit-jupiter-engine-5.10.2.jar:5.10.2]
	at org.junit.jupiter.engine.extension.TimeoutExtension.interceptTestMethod(TimeoutExtension.java:86) ~[junit-jupiter-engine-5.10.2.jar:5.10.2]
	at org.junit.jupiter.engine.execution.InterceptingExecutableInvoker$ReflectiveInterceptorCall.lambda$ofVoidMethod$0(InterceptingExecutableInvoker.java:103) ~[junit-jupiter-engine-5.10.2.jar:5.10.2]
	at org.junit.jupiter.engine.execution.InterceptingExecutableInvoker.lambda$invoke$0(InterceptingExecutableInvoker.java:93) ~[junit-jupiter-engine-5.10.2.jar:5.10.2]
	at org.junit.jupiter.engine.execution.InvocationInterceptorChain$InterceptedInvocation.proceed(InvocationInterceptorChain.java:106) ~[junit-jupiter-engine-5.10.2.jar:5.10.2]
	at org.junit.jupiter.engine.execution.InvocationInterceptorChain.proceed(InvocationInterceptorChain.java:64) ~[junit-jupiter-engine-5.10.2.jar:5.10.2]
	at org.junit.jupiter.engine.execution.InvocationInterceptorChain.chainAndInvoke(InvocationInterceptorChain.java:45) ~[junit-jupiter-engine-5.10.2.jar:5.10.2]
	at org.junit.jupiter.engine.execution.InvocationInterceptorChain.invoke(InvocationInterceptorChain.java:37) ~[junit-jupiter-engine-5.10.2.jar:5.10.2]
	at org.junit.jupiter.engine.execution.InterceptingExecutableInvoker.invoke(InterceptingExecutableInvoker.java:92) ~[junit-jupiter-engine-5.10.2.jar:5.10.2]
	at org.junit.jupiter.engine.execution.InterceptingExecutableInvoker.invoke(InterceptingExecutableInvoker.java:86) ~[junit-jupiter-engine-5.10.2.jar:5.10.2]
	at org.junit.jupiter.engine.descriptor.TestMethodTestDescriptor.lambda$invokeTestMethod$7(TestMethodTestDescriptor.java:218) ~[junit-jupiter-engine-5.10.2.jar:5.10.2]
	at org.junit.platform.engine.support.hierarchical.ThrowableCollector.execute(ThrowableCollector.java:73) ~[junit-platform-engine-1.10.2.jar:1.10.2]
	at org.junit.jupiter.engine.descriptor.TestMethodTestDescriptor.invokeTestMethod(TestMethodTestDescriptor.java:214) ~[junit-jupiter-engine-5.10.2.jar:5.10.2]
	at org.junit.jupiter.engine.descriptor.TestMethodTestDescriptor.execute(TestMethodTestDescriptor.java:139) ~[junit-jupiter-engine-5.10.2.jar:5.10.2]
	at org.junit.jupiter.engine.descriptor.TestMethodTestDescriptor.execute(TestMethodTestDescriptor.java:69) ~[junit-jupiter-engine-5.10.2.jar:5.10.2]
	at org.junit.platform.engine.support.hierarchical.NodeTestTask.lambda$executeRecursively$6(NodeTestTask.java:151) ~[junit-platform-engine-1.10.2.jar:1.10.2]
	at org.junit.platform.engine.support.hierarchical.ThrowableCollector.execute(ThrowableCollector.java:73) ~[junit-platform-engine-1.10.2.jar:1.10.2]
	at org.junit.platform.engine.support.hierarchical.NodeTestTask.lambda$executeRecursively$8(NodeTestTask.java:141) ~[junit-platform-engine-1.10.2.jar:1.10.2]
	at org.junit.platform.engine.support.hierarchical.Node.around(Node.java:137) ~[junit-platform-engine-1.10.2.jar:1.10.2]
	at org.junit.platform.engine.support.hierarchical.NodeTestTask.lambda$executeRecursively$9(NodeTestTask.java:139) ~[junit-platform-engine-1.10.2.jar:1.10.2]
	at org.junit.platform.engine.support.hierarchical.ThrowableCollector.execute(ThrowableCollector.java:73) ~[junit-platform-engine-1.10.2.jar:1.10.2]
	at org.junit.platform.engine.support.hierarchical.NodeTestTask.executeRecursively(NodeTestTask.java:138) ~[junit-platform-engine-1.10.2.jar:1.10.2]
	at org.junit.platform.engine.support.hierarchical.NodeTestTask.execute(NodeTestTask.java:95) ~[junit-platform-engine-1.10.2.jar:1.10.2]
	at java.base/java.util.ArrayList.forEach(ArrayList.java:1511) ~[na:na]
	at org.junit.platform.engine.support.hierarchical.SameThreadHierarchicalTestExecutorService.invokeAll(SameThreadHierarchicalTestExecutorService.java:41) ~[junit-platform-engine-1.10.2.jar:1.10.2]
	at org.junit.platform.engine.support.hierarchical.NodeTestTask.lambda$executeRecursively$6(NodeTestTask.java:155) ~[junit-platform-engine-1.10.2.jar:1.10.2]
	at org.junit.platform.engine.support.hierarchical.ThrowableCollector.execute(ThrowableCollector.java:73) ~[junit-platform-engine-1.10.2.jar:1.10.2]
	at org.junit.platform.engine.support.hierarchical.NodeTestTask.lambda$executeRecursively$8(NodeTestTask.java:141) ~[junit-platform-engine-1.10.2.jar:1.10.2]
	at org.junit.platform.engine.support.hierarchical.Node.around(Node.java:137) ~[junit-platform-engine-1.10.2.jar:1.10.2]
	at org.junit.platform.engine.support.hierarchical.NodeTestTask.lambda$executeRecursively$9(NodeTestTask.java:139) ~[junit-platform-engine-1.10.2.jar:1.10.2]
	at org.junit.platform.engine.support.hierarchical.ThrowableCollector.execute(ThrowableCollector.java:73) ~[junit-platform-engine-1.10.2.jar:1.10.2]
	at org.junit.platform.engine.support.hierarchical.NodeTestTask.executeRecursively(NodeTestTask.java:138) ~[junit-platform-engine-1.10.2.jar:1.10.2]
	at org.junit.platform.engine.support.hierarchical.NodeTestTask.execute(NodeTestTask.java:95) ~[junit-platform-engine-1.10.2.jar:1.10.2]
	at java.base/java.util.ArrayList.forEach(ArrayList.java:1511) ~[na:na]
	at org.junit.platform.engine.support.hierarchical.SameThreadHierarchicalTestExecutorService.invokeAll(SameThreadHierarchicalTestExecutorService.java:41) ~[junit-platform-engine-1.10.2.jar:1.10.2]
	at org.junit.platform.engine.support.hierarchical.NodeTestTask.lambda$executeRecursively$6(NodeTestTask.java:155) ~[junit-platform-engine-1.10.2.jar:1.10.2]
	at org.junit.platform.engine.support.hierarchical.ThrowableCollector.execute(ThrowableCollector.java:73) ~[junit-platform-engine-1.10.2.jar:1.10.2]
	at org.junit.platform.engine.support.hierarchical.NodeTestTask.lambda$executeRecursively$8(NodeTestTask.java:141) ~[junit-platform-engine-1.10.2.jar:1.10.2]
	at org.junit.platform.engine.support.hierarchical.Node.around(Node.java:137) ~[junit-platform-engine-1.10.2.jar:1.10.2]
	at org.junit.platform.engine.support.hierarchical.NodeTestTask.lambda$executeRecursively$9(NodeTestTask.java:139) ~[junit-platform-engine-1.10.2.jar:1.10.2]
	at org.junit.platform.engine.support.hierarchical.ThrowableCollector.execute(ThrowableCollector.java:73) ~[junit-platform-engine-1.10.2.jar:1.10.2]
	at org.junit.platform.engine.support.hierarchical.NodeTestTask.executeRecursively(NodeTestTask.java:138) ~[junit-platform-engine-1.10.2.jar:1.10.2]
	at org.junit.platform.engine.support.hierarchical.NodeTestTask.execute(NodeTestTask.java:95) ~[junit-platform-engine-1.10.2.jar:1.10.2]
	at org.junit.platform.engine.support.hierarchical.SameThreadHierarchicalTestExecutorService.submit(SameThreadHierarchicalTestExecutorService.java:35) ~[junit-platform-engine-1.10.2.jar:1.10.2]
	at org.junit.platform.engine.support.hierarchical.HierarchicalTestExecutor.execute(HierarchicalTestExecutor.java:57) ~[junit-platform-engine-1.10.2.jar:1.10.2]
	at org.junit.platform.engine.support.hierarchical.HierarchicalTestEngine.execute(HierarchicalTestEngine.java:54) ~[junit-platform-engine-1.10.2.jar:1.10.2]
	at org.junit.platform.launcher.core.EngineExecutionOrchestrator.execute(EngineExecutionOrchestrator.java:198) ~[junit-platform-launcher-1.10.2.jar:1.10.2]
	at org.junit.platform.launcher.core.EngineExecutionOrchestrator.execute(EngineExecutionOrchestrator.java:169) ~[junit-platform-launcher-1.10.2.jar:1.10.2]
	at org.junit.platform.launcher.core.EngineExecutionOrchestrator.execute(EngineExecutionOrchestrator.java:93) ~[junit-platform-launcher-1.10.2.jar:1.10.2]
	at org.junit.platform.launcher.core.EngineExecutionOrchestrator.lambda$execute$0(EngineExecutionOrchestrator.java:58) ~[junit-platform-launcher-1.10.2.jar:1.10.2]
	at org.junit.platform.launcher.core.EngineExecutionOrchestrator.withInterceptedStreams(EngineExecutionOrchestrator.java:141) ~[junit-platform-launcher-1.10.2.jar:1.10.2]
	at org.junit.platform.launcher.core.EngineExecutionOrchestrator.execute(EngineExecutionOrchestrator.java:57) ~[junit-platform-launcher-1.10.2.jar:1.10.2]
	at org.junit.platform.launcher.core.DefaultLauncher.execute(DefaultLauncher.java:103) ~[junit-platform-launcher-1.10.2.jar:1.10.2]
	at org.junit.platform.launcher.core.DefaultLauncher.execute(DefaultLauncher.java:85) ~[junit-platform-launcher-1.10.2.jar:1.10.2]
	at org.junit.platform.launcher.core.DelegatingLauncher.execute(DelegatingLauncher.java:47) ~[junit-platform-launcher-1.10.2.jar:1.10.2]
	at org.apache.maven.surefire.junitplatform.LazyLauncher.execute(LazyLauncher.java:56) ~[surefire-junit-platform-3.2.5.jar:3.2.5]
	at org.apache.maven.surefire.junitplatform.JUnitPlatformProvider.execute(JUnitPlatformProvider.java:184) ~[surefire-junit-platform-3.2.5.jar:3.2.5]
	at org.apache.maven.surefire.junitplatform.JUnitPlatformProvider.invokeAllTests(JUnitPlatformProvider.java:148) ~[surefire-junit-platform-3.2.5.jar:3.2.5]
	at org.apache.maven.surefire.junitplatform.JUnitPlatformProvider.invoke(JUnitPlatformProvider.java:122) ~[surefire-junit-platform-3.2.5.jar:3.2.5]
	at org.apache.maven.surefire.booter.ForkedBooter.runSuitesInProcess(ForkedBooter.java:385) ~[surefire-booter-3.2.5.jar:3.2.5]
	at org.apache.maven.surefire.booter.ForkedBooter.execute(ForkedBooter.java:162) ~[surefire-booter-3.2.5.jar:3.2.5]
	at org.apache.maven.surefire.booter.ForkedBooter.run(ForkedBooter.java:507) ~[surefire-booter-3.2.5.jar:3.2.5]
	at org.apache.maven.surefire.booter.ForkedBooter.main(ForkedBooter.java:495) ~[surefire-booter-3.2.5.jar:3.2.5]

]]></system-out>
  </testcase>
  <testcase name="failsWhenActiveCredentialDoesNotExist" classname="celulares.cordobacelulares.services.implement.TiendaPorteAuthServiceDiagnosticsTest" time="0.002"/>
  <testcase name="failsWhenSessionDoesNotContainAccessToken" classname="celulares.cordobacelulares.services.implement.TiendaPorteAuthServiceDiagnosticsTest" time="0.006">
    <system-out><![CDATA[2026-08-06T15:34:05.141-03:00  INFO 18868 --- [cordobacelulares] [           main] c.c.s.implement.TiendaPorteAuthService   : Iniciando autenticacion con Tienda Porte. cid=- username=us***@example.test
2026-08-06T15:34:05.141-03:00  INFO 18868 --- [cordobacelulares] [           main] c.c.s.implement.TiendaPorteAuthService   : Solicitando CSRF a Tienda Porte. cid=- target=https://auth.example.test/api/auth/csrf
2026-08-06T15:34:05.141-03:00  INFO 18868 --- [cordobacelulares] [           main] c.c.s.implement.TiendaPorteAuthService   : Tienda Porte auth response. cid=- operation=csrf status=200 contentType=application/json durationMs=0 bodySize=20
2026-08-06T15:34:05.142-03:00  INFO 18868 --- [cordobacelulares] [           main] c.c.s.implement.TiendaPorteAuthService   : CSRF recibido desde Tienda Porte. cid=- tokenObtenido=true
2026-08-06T15:34:05.142-03:00  INFO 18868 --- [cordobacelulares] [           main] c.c.s.implement.TiendaPorteAuthService   : Enviando credenciales a Tienda Porte. cid=- username=us***@example.test target=https://auth.example.test/api/auth/callback/credentials
2026-08-06T15:34:05.142-03:00  INFO 18868 --- [cordobacelulares] [           main] c.c.s.implement.TiendaPorteAuthService   : Tienda Porte auth response. cid=- operation=login status=200 contentType=application/json durationMs=0 bodySize=2
2026-08-06T15:34:05.142-03:00  INFO 18868 --- [cordobacelulares] [           main] c.c.s.implement.TiendaPorteAuthService   : Credenciales aceptadas por Tienda Porte. cid=- status=200
2026-08-06T15:34:05.142-03:00  INFO 18868 --- [cordobacelulares] [           main] c.c.s.implement.TiendaPorteAuthService   : Consultando sesion de Tienda Porte. cid=- target=https://auth.example.test/api/auth/session
2026-08-06T15:34:05.142-03:00  INFO 18868 --- [cordobacelulares] [           main] c.c.s.implement.TiendaPorteAuthService   : Tienda Porte auth response. cid=- operation=session status=200 contentType=application/json durationMs=0 bodySize=44
2026-08-06T15:34:05.143-03:00 ERROR 18868 --- [cordobacelulares] [           main] c.c.s.implement.TiendaPorteAuthService   : Tienda Porte session sin accessToken. cid=-
]]></system-out>
  </testcase>
  <testcase name="failsWhenCsrfResponseDoesNotContainToken" classname="celulares.cordobacelulares.services.implement.TiendaPorteAuthServiceDiagnosticsTest" time="0.004">
    <system-out><![CDATA[2026-08-06T15:34:05.147-03:00  INFO 18868 --- [cordobacelulares] [           main] c.c.s.implement.TiendaPorteAuthService   : Iniciando autenticacion con Tienda Porte. cid=- username=us***@example.test
2026-08-06T15:34:05.147-03:00  INFO 18868 --- [cordobacelulares] [           main] c.c.s.implement.TiendaPorteAuthService   : Solicitando CSRF a Tienda Porte. cid=- target=https://auth.example.test/api/auth/csrf
2026-08-06T15:34:05.148-03:00  INFO 18868 --- [cordobacelulares] [           main] c.c.s.implement.TiendaPorteAuthService   : Tienda Porte auth response. cid=- operation=csrf status=200 contentType=application/json durationMs=0 bodySize=2
2026-08-06T15:34:05.149-03:00 ERROR 18868 --- [cordobacelulares] [           main] c.c.s.implement.TiendaPorteAuthService   : Respuesta CSRF invalida de Tienda Porte. cid=- bodyPreview={}
]]></system-out>
  </testcase>
</testsuite>