<?xml version="1.0" encoding="UTF-8"?>
<testsuite xmlns:xsi="http://www.w3.org/2001/XMLSchema-instance" xsi:noNamespaceSchemaLocation="https://maven.apache.org/surefire/maven-surefire-plugin/xsd/surefire-test-report-3.0.xsd" version="3.0" name="celulares.cordobacelulares.services.implement.TiendaPortePriceCalculatorTest" time="0.022" tests="10" errors="0" skipped="0" failures="4">
  <properties>
[...]
</properties>
  <testcase name="pesoPriceAvailableCalculatesSurchargesWithoutDollarQuotation" classname="celulares.cordobacelulares.services.implement.TiendaPortePriceCalculatorTest" time="0.016">
    <failure message="&#10;expected: 100.00&#10; but was: 0.00" type="org.opentest4j.AssertionFailedError"><![CDATA[org.opentest4j.AssertionFailedError: 

expected: 100.00
 but was: 0.00
	at java.base/jdk.internal.reflect.NativeConstructorAccessorImpl.newInstance0(Native Method)
	at java.base/jdk.internal.reflect.NativeConstructorAccessorImpl.newInstance(NativeConstructorAccessorImpl.java:77)
	at java.base/jdk.internal.reflect.DelegatingConstructorAccessorImpl.newInstance(DelegatingConstructorAccessorImpl.java:45)
	at java.base/java.lang.reflect.Constructor.newInstanceWithCaller(Constructor.java:500)
	at celulares.cordobacelulares.services.implement.TiendaPortePriceCalculatorTest.pesoPriceAvailableCalculatesSurchargesWithoutDollarQuotation(TiendaPortePriceCalculatorTest.java:81)
	at java.base/java.lang.reflect.Method.invoke(Method.java:569)
	at java.base/java.util.ArrayList.forEach(ArrayList.java:1511)
	at java.base/java.util.ArrayList.forEach(ArrayList.java:1511)
]]></failure>
  </testcase>
  <testcase name="zeroPercentageReturnsBasePrice" classname="celulares.cordobacelulares.services.implement.TiendaPortePriceCalculatorTest" time="0.0"/>
  <testcase name="calculatesTenPercentSurcharge" classname="celulares.cordobacelulares.services.implement.TiendaPortePriceCalculatorTest" time="0.0"/>
  <testcase name="roundsSurchargeToTwoDecimalsWithHalfUp" classname="celulares.cordobacelulares.services.implement.TiendaPortePriceCalculatorTest" time="0.0"/>
  <testcase name="convertsUsdToPesosOnceBeforeApplyingSurcharges" classname="celulares.cordobacelulares.services.implement.TiendaPortePriceCalculatorTest" time="0.0"/>
  <testcase name="usdPriceWithoutDollarQuotationDoesNotCalculateInvalidPesoPrices" classname="celulares.cordobacelulares.services.implement.TiendaPortePriceCalculatorTest" time="0.0">
    <failure message="&#10;expected: null&#10; but was: 0.00" type="org.opentest4j.AssertionFailedError"><![CDATA[org.opentest4j.AssertionFailedError: 

expected: null
 but was: 0.00
	at java.base/jdk.internal.reflect.NativeConstructorAccessorImpl.newInstance0(Native Method)
	at java.base/jdk.internal.reflect.NativeConstructorAccessorImpl.newInstance(NativeConstructorAccessorImpl.java:77)
	at java.base/jdk.internal.reflect.DelegatingConstructorAccessorImpl.newInstance(DelegatingConstructorAccessorImpl.java:45)
	at java.base/java.lang.reflect.Constructor.newInstanceWithCaller(Constructor.java:500)
	at celulares.cordobacelulares.services.implement.TiendaPortePriceCalculatorTest.usdPriceWithoutDollarQuotationDoesNotCalculateInvalidPesoPrices(TiendaPortePriceCalculatorTest.java:58)
	at java.base/java.lang.reflect.Method.invoke(Method.java:569)
	at java.base/java.util.ArrayList.forEach(ArrayList.java:1511)
	at java.base/java.util.ArrayList.forEach(ArrayList.java:1511)
]]></failure>
  </testcase>
  <testcase name="nullPercentageReturnsBasePrice" classname="celulares.cordobacelulares.services.implement.TiendaPortePriceCalculatorTest" time="0.0"/>
  <testcase name="zeroDollarQuotationDoesNotCalculateInvalidPesoPrices" classname="celulares.cordobacelulares.services.implement.TiendaPortePriceCalculatorTest" time="0.0">
    <failure message="&#10;expected: null&#10; but was: 0.00" type="org.opentest4j.AssertionFailedError"><![CDATA[org.opentest4j.AssertionFailedError: 

expected: null
 but was: 0.00
	at java.base/jdk.internal.reflect.NativeConstructorAccessorImpl.newInstance0(Native Method)
	at java.base/jdk.internal.reflect.NativeConstructorAccessorImpl.newInstance(NativeConstructorAccessorImpl.java:77)
	at java.base/jdk.internal.reflect.DelegatingConstructorAccessorImpl.newInstance(DelegatingConstructorAccessorImpl.java:45)
	at java.base/java.lang.reflect.Constructor.newInstanceWithCaller(Constructor.java:500)
	at celulares.cordobacelulares.services.implement.TiendaPortePriceCalculatorTest.zeroDollarQuotationDoesNotCalculateInvalidPesoPrices(TiendaPortePriceCalculatorTest.java:70)
	at java.base/java.lang.reflect.Method.invoke(Method.java:569)
	at java.base/java.util.ArrayList.forEach(ArrayList.java:1511)
	at java.base/java.util.ArrayList.forEach(ArrayList.java:1511)
]]></failure>
  </testcase>
  <testcase name="calculatesThreePercentSurcharge" classname="celulares.cordobacelulares.services.implement.TiendaPortePriceCalculatorTest" time="0.0"/>
  <testcase name="rejectsNegativePercentageAsInvalidConfiguration" classname="celulares.cordobacelulares.services.implement.TiendaPortePriceCalculatorTest" time="0.0">
    <failure message="&#10;Expecting code to raise a throwable." type="java.lang.AssertionError"><![CDATA[java.lang.AssertionError: 

Expecting code to raise a throwable.
	at celulares.cordobacelulares.services.implement.TiendaPortePriceCalculatorTest.rejectsNegativePercentageAsInvalidConfiguration(TiendaPortePriceCalculatorTest.java:93)
	at java.base/java.lang.reflect.Method.invoke(Method.java:569)
	at java.base/java.util.ArrayList.forEach(ArrayList.java:1511)
	at java.base/java.util.ArrayList.forEach(ArrayList.java:1511)
]]></failure>
  </testcase>
</testsuite>